<?xml version="1.0" encoding="UTF-8"?>
<!-- Generated by org.testng.reporters.JUnitXMLReporter -->
<testsuite hostname="IR-C02PW2DWG8WP" name="Default test" tests="1" failures="0" timestamp="29 Oct 2015 15:52:56 GMT" time="0.008" errors="0">
  <testcase name="@BeforeSuite initialize" time="0.0" classname="com.innroad.api.TesTinnRoadAPI">
    <failure type="java.lang.NumberFormatException" message="For input string: &amp;quot;&amp;quot;">
      <![CDATA[java.lang.NumberFormatException: For input string: ""
	at java.lang.NumberFormatException.forInputString(Unknown Source)
	at java.lang.Integer.parseInt(Unknown Source)
	at java.lang.Integer.parseInt(Unknown Source)
	at com.innroad.Utilities.TestRunnerUtilities.loadTestConfig(TestRunnerUtilities.java:266)
	at com.innroad.Utilities.TestRunnerUtilities.suiteInitialize(TestRunnerUtilities.java:108)
	at com.innroad.api.TesTinnRoadAPI.initialize(TesTinnRoadAPI.java:16)
	at sun.reflect.NativeMethodAccessorImpl.invoke0(Native Method)
	at sun.reflect.NativeMethodAccessorImpl.invoke(Unknown Source)
	at sun.reflect.DelegatingMethodAccessorImpl.invoke(Unknown Source)
	at java.lang.reflect.Method.invoke(Unknown Source)
	at org.testng.internal.MethodInvocationHelper.invokeMethod(MethodInvocationHelper.java:84)
	at org.testng.internal.Invoker.invokeConfigurationMethod(Invoker.java:564)
	at org.testng.internal.Invoker.invokeConfigurations(Invoker.java:213)
	at org.testng.internal.Invoker.invokeConfigurations(Invoker.java:138)
	at org.testng.SuiteRunner.privateRun(SuiteRunner.java:291)
	at org.testng.SuiteRunner.run(SuiteRunner.java:254)
	at org.testng.SuiteRunnerWorker.runSuite(SuiteRunnerWorker.java:52)
	at org.testng.SuiteRunnerWorker.run(SuiteRunnerWorker.java:86)
	at org.testng.TestNG.runSuitesSequentially(TestNG.java:1224)
	at org.testng.TestNG.runSuitesLocally(TestNG.java:1149)
	at org.testng.TestNG.run(TestNG.java:1057)
	at org.testng.remote.RemoteTestNG.run(RemoteTestNG.java:111)
	at org.testng.remote.RemoteTestNG.initAndRun(RemoteTestNG.java:204)
	at org.testng.remote.RemoteTestNG.main(RemoteTestNG.java:175)
]]>
    </failure>
  </testcase> <!-- @BeforeSuite initialize -->
  <testcase name="@BeforeClass startTesting" time="0.0" classname="com.innroad.api.TesTinnRoadAPI">
    <skipped/>
  </testcase> <!-- @BeforeClass startTesting -->
  <testcase name="@AfterClass endScript" time="0.0" classname="com.innroad.api.TesTinnRoadAPI">
    <skipped/>
  </testcase> <!-- @AfterClass endScript -->
  <testcase name="testApi" time="0.0" classname="com.innroad.api.TesTinnRoadAPI">
    <skipped/>
  </testcase> <!-- testApi -->
</testsuite> <!-- Default test -->
