<?xml version="1.0" encoding="UTF-8"?>
<testng-results skipped="1" failed="0" total="1" passed="0">
  <reporter-output>
  </reporter-output>
  <suite name="Default suite" duration-ms="8" started-at="2015-10-29T15:52:56Z" finished-at="2015-10-29T15:52:56Z">
    <groups>
    </groups>
    <test name="Default test" duration-ms="8" started-at="2015-10-29T15:52:56Z" finished-at="2015-10-29T15:52:56Z">
      <class name="com.innroad.api.TesTinnRoadAPI">
        <test-method status="FAIL" signature="initialize()[pri:0, instance:com.innroad.api.TesTinnRoadAPI@2f7a2457]" name="initialize" is-config="true" duration-ms="0" started-at="2015-10-29T11:52:56Z" finished-at="2015-10-29T11:52:56Z">
          <exception class="java.lang.NumberFormatException">
            <message>
              <![CDATA[For input string: ""]]>
            </message>
            <full-stacktrace>
              <![CDATA[java.lang.NumberFormatException: For input string: ""
	at java.lang.NumberFormatException.forInputString(Unknown Source)
	at java.lang.Integer.parseInt(Unknown Source)
	at java.lang.Integer.parseInt(Unknown Source)
	at com.innroad.Utilities.TestRunnerUtilities.loadTestConfig(TestRunnerUtilities.java:266)
	at com.innroad.Utilities.TestRunnerUtilities.suiteInitialize(TestRunnerUtilities.java:108)
	at com.innroad.api.TesTinnRoadAPI.initialize(TesTinnRoadAPI.java:16)
	at sun.reflect.NativeMethodAccessorImpl.invoke0(Native Method)
	at sun.reflect.NativeMethodAccessorImpl.invoke(Unknown Source)
	at sun.reflect.DelegatingMethodAccessorImpl.invoke(Unknown Source)
	at java.lang.reflect.Method.invoke(Unknown Source)
	at org.testng.internal.MethodInvocationHelper.invokeMethod(MethodInvocationHelper.java:84)
	at org.testng.internal.Invoker.invokeConfigurationMethod(Invoker.java:564)
	at org.testng.internal.Invoker.invokeConfigurations(Invoker.java:213)
	at org.testng.internal.Invoker.invokeConfigurations(Invoker.java:138)
	at org.testng.SuiteRunner.privateRun(SuiteRunner.java:291)
	at org.testng.SuiteRunner.run(SuiteRunner.java:254)
	at org.testng.SuiteRunnerWorker.runSuite(SuiteRunnerWorker.java:52)
	at org.testng.SuiteRunnerWorker.run(SuiteRunnerWorker.java:86)
	at org.testng.TestNG.runSuitesSequentially(TestNG.java:1224)
	at org.testng.TestNG.runSuitesLocally(TestNG.java:1149)
	at org.testng.TestNG.run(TestNG.java:1057)
	at org.testng.remote.RemoteTestNG.run(RemoteTestNG.java:111)
	at org.testng.remote.RemoteTestNG.initAndRun(RemoteTestNG.java:204)
	at org.testng.remote.RemoteTestNG.main(RemoteTestNG.java:175)
]]>
            </full-stacktrace>
          </exception> <!-- java.lang.NumberFormatException -->
          <reporter-output>
          </reporter-output>
        </test-method> <!-- initialize -->
        <test-method status="SKIP" signature="startTesting()[pri:0, instance:com.innroad.api.TesTinnRoadAPI@2f7a2457]" name="startTesting" is-config="true" duration-ms="0" started-at="2015-10-29T11:52:56Z" finished-at="2015-10-29T11:52:56Z">
          <reporter-output>
          </reporter-output>
        </test-method> <!-- startTesting -->
        <test-method status="SKIP" signature="testApi()[pri:0, instance:com.innroad.api.TesTinnRoadAPI@2f7a2457]" name="testApi" duration-ms="0" started-at="2015-10-29T11:52:56Z" finished-at="2015-10-29T11:52:56Z">
          <reporter-output>
          </reporter-output>
        </test-method> <!-- testApi -->
        <test-method status="SKIP" signature="endScript()[pri:0, instance:com.innroad.api.TesTinnRoadAPI@2f7a2457]" name="endScript" is-config="true" duration-ms="0" started-at="2015-10-29T11:52:56Z" finished-at="2015-10-29T11:52:56Z">
          <reporter-output>
          </reporter-output>
        </test-method> <!-- endScript -->
      </class> <!-- com.innroad.api.TesTinnRoadAPI -->
    </test> <!-- Default test -->
  </suite> <!-- Default suite -->
</testng-results>
